[2024-08-07 15:10:10.440] [jointLog] [info] setting maxHashResizeThreads to 4
[2024-08-07 15:10:10.440] [jointLog] [info] Fragment incompatibility prior below threshold.  Incompatible fragments will be ignored.
[2024-08-07 15:10:10.440] [jointLog] [info] Usage of --validateMappings implies use of minScoreFraction. Since not explicitly specified, it is being set to 0.65
[2024-08-07 15:10:10.440] [jointLog] [info] Setting consensusSlack to selective-alignment default of 0.35.
[2024-08-07 15:10:10.440] [jointLog] [info] parsing read library format
[2024-08-07 15:10:10.440] [jointLog] [info] There is 1 library.
[2024-08-07 15:10:10.442] [jointLog] [info] Loading pufferfish index
[2024-08-07 15:10:10.442] [jointLog] [info] Loading dense pufferfish index.
[2024-08-07 15:10:18.742] [jointLog] [info] done
[2024-08-07 15:10:18.842] [jointLog] [info] Index contained 187,432 targets
[2024-08-07 15:10:20.648] [jointLog] [info] Number of decoys : 0
[2024-08-07 15:10:21.802] [jointLog] [info] Automatically detected most likely library type as ISR

[2024-08-07 15:32:38.953] [jointLog] [info] Thread saw mini-batch with a maximum of 1.82% zero probability fragments
[2024-08-07 15:32:39.132] [jointLog] [info] Thread saw mini-batch with a maximum of 1.86% zero probability fragments
[2024-08-07 15:32:39.138] [jointLog] [info] Thread saw mini-batch with a maximum of 1.76% zero probability fragments
[2024-08-07 15:32:39.214] [jointLog] [info] Thread saw mini-batch with a maximum of 1.86% zero probability fragments
[2024-08-07 15:32:39.448] [jointLog] [info] Computed 471,369 rich equivalence classes for further processing
[2024-08-07 15:32:39.448] [jointLog] [info] Counted 32,637,736 total reads in the equivalence classes 
[2024-08-07 15:32:39.451] [jointLog] [warning] 0.18289% of fragments were shorter than the k used to build the index.
If this fraction is too large, consider re-building the index with a smaller k.
The minimum read size found was 15.


[2024-08-07 15:32:39.451] [jointLog] [info] Number of mappings discarded because of alignment score : 127,210,376
[2024-08-07 15:32:39.451] [jointLog] [info] Number of fragments entirely discarded because of alignment score : 4,234,778
[2024-08-07 15:32:39.451] [jointLog] [info] Number of fragments discarded because they are best-mapped to decoys : 0
[2024-08-07 15:32:39.451] [jointLog] [info] Number of fragments discarded because they have only dovetail (discordant) mappings to valid targets : 273,397
[2024-08-07 15:32:39.451] [jointLog] [info] Mapping rate = 59.746%

[2024-08-07 15:32:39.451] [jointLog] [info] finished quantifyLibrary()
[2024-08-07 15:32:39.452] [jointLog] [info] Starting optimizer
[2024-08-07 15:32:39.642] [jointLog] [info] Marked 0 weighted equivalence classes as degenerate
[2024-08-07 15:32:39.679] [jointLog] [info] iteration = 0 | max rel diff. = 5945.05
[2024-08-07 15:32:39.448] [fileLog] [info] 
At end of round 0
==================
Observed 54627482 total fragments (54627482 in most recent round)

[2024-08-07 15:32:40.008] [jointLog] [info] iteration 11, adjusting effective lengths to account for biases
[2024-08-07 15:34:45.121] [jointLog] [info] Computed expected counts (for bias correction)
[2024-08-07 15:34:45.121] [jointLog] [info] processed bias for 0.0% of the transcripts
[2024-08-07 15:34:52.281] [jointLog] [info] processed bias for 10.0% of the transcripts
[2024-08-07 15:35:00.564] [jointLog] [info] processed bias for 20.0% of the transcripts
[2024-08-07 15:35:09.234] [jointLog] [info] processed bias for 30.0% of the transcripts
[2024-08-07 15:35:17.807] [jointLog] [info] processed bias for 40.0% of the transcripts
[2024-08-07 15:35:26.729] [jointLog] [info] processed bias for 50.0% of the transcripts
[2024-08-07 15:35:35.161] [jointLog] [info] processed bias for 60.0% of the transcripts
[2024-08-07 15:35:43.485] [jointLog] [info] processed bias for 70.0% of the transcripts
[2024-08-07 15:35:50.686] [jointLog] [info] processed bias for 80.0% of the transcripts
[2024-08-07 15:35:56.269] [jointLog] [info] processed bias for 90.0% of the transcripts
[2024-08-07 15:36:02.837] [jointLog] [info] processed bias for 100.0% of the transcripts
[2024-08-07 15:36:05.670] [jointLog] [info] iteration = 100 | max rel diff. = 16.4231
[2024-08-07 15:36:08.823] [jointLog] [info] iteration = 200 | max rel diff. = 19.7731
[2024-08-07 15:36:11.966] [jointLog] [info] iteration = 300 | max rel diff. = 13.5489
[2024-08-07 15:36:15.122] [jointLog] [info] iteration = 400 | max rel diff. = 1.32867
[2024-08-07 15:36:18.275] [jointLog] [info] iteration = 500 | max rel diff. = 2.01706
[2024-08-07 15:36:21.432] [jointLog] [info] iteration = 600 | max rel diff. = 0.716323
[2024-08-07 15:36:24.574] [jointLog] [info] iteration = 700 | max rel diff. = 12.5689
[2024-08-07 15:36:27.718] [jointLog] [info] iteration = 800 | max rel diff. = 2.70508
[2024-08-07 15:36:30.888] [jointLog] [info] iteration = 900 | max rel diff. = 2.42429
[2024-08-07 15:36:34.041] [jointLog] [info] iteration = 1,000 | max rel diff. = 0.704756
[2024-08-07 15:36:37.190] [jointLog] [info] iteration = 1,100 | max rel diff. = 0.164475
[2024-08-07 15:36:40.340] [jointLog] [info] iteration = 1,200 | max rel diff. = 0.0214095
[2024-08-07 15:36:43.504] [jointLog] [info] iteration = 1,300 | max rel diff. = 0.0334963
[2024-08-07 15:36:46.671] [jointLog] [info] iteration = 1,400 | max rel diff. = 0.078012
[2024-08-07 15:36:49.798] [jointLog] [info] iteration = 1,500 | max rel diff. = 0.126107
[2024-08-07 15:36:52.944] [jointLog] [info] iteration = 1,600 | max rel diff. = 0.0748736
[2024-08-07 15:36:56.081] [jointLog] [info] iteration = 1,700 | max rel diff. = 0.0944733
[2024-08-07 15:36:59.231] [jointLog] [info] iteration = 1,800 | max rel diff. = 0.0505752
[2024-08-07 15:37:02.392] [jointLog] [info] iteration = 1,900 | max rel diff. = 0.0151834
[2024-08-07 15:37:05.542] [jointLog] [info] iteration = 2,000 | max rel diff. = 0.0781616
[2024-08-07 15:37:08.696] [jointLog] [info] iteration = 2,100 | max rel diff. = 0.104537
[2024-08-07 15:37:11.852] [jointLog] [info] iteration = 2,200 | max rel diff. = 0.016891
[2024-08-07 15:37:13.938] [jointLog] [info] iteration = 2,267 | max rel diff. = 0.00361621
[2024-08-07 15:37:13.944] [jointLog] [info] Finished optimizer
[2024-08-07 15:37:13.944] [jointLog] [info] writing output 

