[2024-07-25 22:25:54.069] [jointLog] [info] setting maxHashResizeThreads to 4
[2024-07-25 22:25:54.069] [jointLog] [info] Fragment incompatibility prior below threshold.  Incompatible fragments will be ignored.
[2024-07-25 22:25:54.069] [jointLog] [info] Usage of --validateMappings implies use of minScoreFraction. Since not explicitly specified, it is being set to 0.65
[2024-07-25 22:25:54.069] [jointLog] [info] Setting consensusSlack to selective-alignment default of 0.35.
[2024-07-25 22:25:54.069] [jointLog] [info] parsing read library format
[2024-07-25 22:25:54.069] [jointLog] [info] There is 1 library.
[2024-07-25 22:25:54.070] [jointLog] [info] Loading pufferfish index
[2024-07-25 22:25:54.070] [jointLog] [info] Loading dense pufferfish index.
[2024-07-25 22:25:56.855] [jointLog] [info] done
[2024-07-25 22:25:56.998] [jointLog] [info] Index contained 116,756 targets
[2024-07-25 22:25:58.106] [jointLog] [info] Number of decoys : 0
[2024-07-25 22:26:05.855] [jointLog] [info] Automatically detected most likely library type as ISR

[2024-07-25 22:52:03.406] [jointLog] [info] Thread saw mini-batch with a maximum of 0.22% zero probability fragments
[2024-07-25 22:52:03.499] [jointLog] [info] Thread saw mini-batch with a maximum of 0.20% zero probability fragments
[2024-07-25 22:52:03.603] [jointLog] [info] Thread saw mini-batch with a maximum of 0.20% zero probability fragments
[2024-07-25 22:52:03.737] [jointLog] [info] Thread saw mini-batch with a maximum of 0.22% zero probability fragments
[2024-07-25 22:52:03.803] [jointLog] [info] Computed 113,903 rich equivalence classes for further processing
[2024-07-25 22:52:03.803] [jointLog] [info] Counted 8,867,339 total reads in the equivalence classes 
[2024-07-25 22:52:03.831] [jointLog] [warning] 0.182735% of fragments were shorter than the k used to build the index.
If this fraction is too large, consider re-building the index with a smaller k.
The minimum read size found was 15.


[2024-07-25 22:52:03.831] [jointLog] [info] Number of mappings discarded because of alignment score : 40,388,356
[2024-07-25 22:52:03.831] [jointLog] [info] Number of fragments entirely discarded because of alignment score : 4,887,540
[2024-07-25 22:52:03.831] [jointLog] [info] Number of fragments discarded because they are best-mapped to decoys : 0
[2024-07-25 22:52:03.831] [jointLog] [info] Number of fragments discarded because they have only dovetail (discordant) mappings to valid targets : 55,914
[2024-07-25 22:52:03.831] [jointLog] [info] Mapping rate = 16.5786%

[2024-07-25 22:52:03.831] [jointLog] [info] finished quantifyLibrary()
[2024-07-25 22:52:03.834] [jointLog] [info] Starting optimizer
[2024-07-25 22:52:03.870] [jointLog] [info] Marked 0 weighted equivalence classes as degenerate
[2024-07-25 22:52:03.880] [jointLog] [info] iteration = 0 | max rel diff. = 6232.69
[2024-07-25 22:52:03.973] [jointLog] [info] iteration 11, adjusting effective lengths to account for biases
[2024-07-25 22:52:03.829] [fileLog] [info] 
At end of round 0
==================
Observed 53486795 total fragments (53486795 in most recent round)

[2024-07-25 22:52:52.903] [jointLog] [info] Computed expected counts (for bias correction)
[2024-07-25 22:52:52.904] [jointLog] [info] processed bias for 0.2% of the transcripts
[2024-07-25 22:52:55.995] [jointLog] [info] processed bias for 10.0% of the transcripts
[2024-07-25 22:52:59.478] [jointLog] [info] processed bias for 20.0% of the transcripts
[2024-07-25 22:53:02.690] [jointLog] [info] processed bias for 30.0% of the transcripts
[2024-07-25 22:53:06.061] [jointLog] [info] processed bias for 40.0% of the transcripts
[2024-07-25 22:53:09.605] [jointLog] [info] processed bias for 50.0% of the transcripts
[2024-07-25 22:53:11.267] [jointLog] [info] processed bias for 60.0% of the transcripts
[2024-07-25 22:53:12.465] [jointLog] [info] processed bias for 70.0% of the transcripts
[2024-07-25 22:53:15.823] [jointLog] [info] processed bias for 80.0% of the transcripts
[2024-07-25 22:53:18.949] [jointLog] [info] processed bias for 90.0% of the transcripts
[2024-07-25 22:53:22.118] [jointLog] [info] processed bias for 100.0% of the transcripts
[2024-07-25 22:53:22.990] [jointLog] [info] iteration = 100 | max rel diff. = 14.173
[2024-07-25 22:53:23.960] [jointLog] [info] iteration = 200 | max rel diff. = 20.642
[2024-07-25 22:53:24.920] [jointLog] [info] iteration = 300 | max rel diff. = 5.77407
[2024-07-25 22:53:25.878] [jointLog] [info] iteration = 400 | max rel diff. = 0.801597
[2024-07-25 22:53:26.836] [jointLog] [info] iteration = 500 | max rel diff. = 1.72892
[2024-07-25 22:53:27.801] [jointLog] [info] iteration = 600 | max rel diff. = 1.22316
[2024-07-25 22:53:28.767] [jointLog] [info] iteration = 700 | max rel diff. = 2.76236
[2024-07-25 22:53:29.732] [jointLog] [info] iteration = 800 | max rel diff. = 0.212381
[2024-07-25 22:53:30.699] [jointLog] [info] iteration = 900 | max rel diff. = 0.37371
[2024-07-25 22:53:31.659] [jointLog] [info] iteration = 1,000 | max rel diff. = 0.0527926
[2024-07-25 22:53:32.612] [jointLog] [info] iteration = 1,100 | max rel diff. = 0.229055
[2024-07-25 22:53:33.568] [jointLog] [info] iteration = 1,200 | max rel diff. = 0.089629
[2024-07-25 22:53:34.523] [jointLog] [info] iteration = 1,300 | max rel diff. = 0.0866634
[2024-07-25 22:53:35.402] [jointLog] [info] iteration = 1,393 | max rel diff. = 0.00846541
[2024-07-25 22:53:35.405] [jointLog] [info] Finished optimizer
[2024-07-25 22:53:35.405] [jointLog] [info] writing output 

