[2024-08-07 15:10:10.363] [jointLog] [info] setting maxHashResizeThreads to 4
[2024-08-07 15:10:10.363] [jointLog] [info] Fragment incompatibility prior below threshold.  Incompatible fragments will be ignored.
[2024-08-07 15:10:10.364] [jointLog] [info] Usage of --validateMappings implies use of minScoreFraction. Since not explicitly specified, it is being set to 0.65
[2024-08-07 15:10:10.364] [jointLog] [info] Setting consensusSlack to selective-alignment default of 0.35.
[2024-08-07 15:10:10.364] [jointLog] [info] parsing read library format
[2024-08-07 15:10:10.364] [jointLog] [info] There is 1 library.
[2024-08-07 15:10:10.365] [jointLog] [info] Loading pufferfish index
[2024-08-07 15:10:10.365] [jointLog] [info] Loading dense pufferfish index.
[2024-08-07 15:10:17.833] [jointLog] [info] done
[2024-08-07 15:10:17.917] [jointLog] [info] Index contained 187,432 targets
[2024-08-07 15:10:19.526] [jointLog] [info] Number of decoys : 0
[2024-08-07 15:10:20.811] [jointLog] [info] Automatically detected most likely library type as ISR

[2024-08-07 15:38:58.806] [jointLog] [info] Thread saw mini-batch with a maximum of 2.58% zero probability fragments
[2024-08-07 15:38:58.817] [jointLog] [info] Thread saw mini-batch with a maximum of 2.74% zero probability fragments
[2024-08-07 15:38:58.827] [jointLog] [info] Thread saw mini-batch with a maximum of 2.66% zero probability fragments
[2024-08-07 15:38:58.863] [jointLog] [info] Thread saw mini-batch with a maximum of 2.94% zero probability fragments
[2024-08-07 15:38:59.089] [fileLog] [info] 
At end of round 0
==================
Observed 64998738 total fragments (64998738 in most recent round)

[2024-08-07 15:38:59.088] [jointLog] [info] Computed 494,131 rich equivalence classes for further processing
[2024-08-07 15:38:59.088] [jointLog] [info] Counted 31,325,583 total reads in the equivalence classes 
[2024-08-07 15:38:59.091] [jointLog] [warning] 0.184684% of fragments were shorter than the k used to build the index.
If this fraction is too large, consider re-building the index with a smaller k.
The minimum read size found was 15.


[2024-08-07 15:38:59.091] [jointLog] [info] Number of mappings discarded because of alignment score : 184,944,846
[2024-08-07 15:38:59.091] [jointLog] [info] Number of fragments entirely discarded because of alignment score : 7,135,001
[2024-08-07 15:38:59.091] [jointLog] [info] Number of fragments discarded because they are best-mapped to decoys : 0
[2024-08-07 15:38:59.091] [jointLog] [info] Number of fragments discarded because they have only dovetail (discordant) mappings to valid targets : 463,831
[2024-08-07 15:38:59.091] [jointLog] [info] Mapping rate = 48.1941%

[2024-08-07 15:38:59.091] [jointLog] [info] finished quantifyLibrary()
[2024-08-07 15:38:59.092] [jointLog] [info] Starting optimizer
[2024-08-07 15:38:59.272] [jointLog] [info] Marked 0 weighted equivalence classes as degenerate
[2024-08-07 15:38:59.366] [jointLog] [info] iteration = 0 | max rel diff. = 6237.53
[2024-08-07 15:38:59.684] [jointLog] [info] iteration 11, adjusting effective lengths to account for biases
[2024-08-07 15:41:02.291] [jointLog] [info] Computed expected counts (for bias correction)
[2024-08-07 15:41:02.291] [jointLog] [info] processed bias for 0.0% of the transcripts
[2024-08-07 15:41:08.940] [jointLog] [info] processed bias for 10.0% of the transcripts
[2024-08-07 15:41:16.515] [jointLog] [info] processed bias for 20.0% of the transcripts
[2024-08-07 15:41:24.492] [jointLog] [info] processed bias for 30.0% of the transcripts
[2024-08-07 15:41:32.302] [jointLog] [info] processed bias for 40.0% of the transcripts
[2024-08-07 15:41:40.603] [jointLog] [info] processed bias for 50.0% of the transcripts
[2024-08-07 15:41:49.209] [jointLog] [info] processed bias for 60.0% of the transcripts
[2024-08-07 15:41:56.256] [jointLog] [info] processed bias for 70.0% of the transcripts
[2024-08-07 15:41:58.828] [jointLog] [info] processed bias for 80.0% of the transcripts
[2024-08-07 15:42:07.663] [jointLog] [info] processed bias for 90.0% of the transcripts
[2024-08-07 15:42:16.292] [jointLog] [info] processed bias for 100.0% of the transcripts
[2024-08-07 15:42:18.678] [jointLog] [info] iteration = 100 | max rel diff. = 13.4498
[2024-08-07 15:42:21.309] [jointLog] [info] iteration = 200 | max rel diff. = 10.9383
[2024-08-07 15:42:23.938] [jointLog] [info] iteration = 300 | max rel diff. = 5.1192
[2024-08-07 15:42:26.561] [jointLog] [info] iteration = 400 | max rel diff. = 10.0001
[2024-08-07 15:42:29.182] [jointLog] [info] iteration = 500 | max rel diff. = 2.95051
[2024-08-07 15:42:31.800] [jointLog] [info] iteration = 600 | max rel diff. = 16.954
[2024-08-07 15:42:34.422] [jointLog] [info] iteration = 700 | max rel diff. = 0.222534
[2024-08-07 15:42:37.031] [jointLog] [info] iteration = 800 | max rel diff. = 0.0939148
[2024-08-07 15:42:39.650] [jointLog] [info] iteration = 900 | max rel diff. = 0.0587842
[2024-08-07 15:42:42.268] [jointLog] [info] iteration = 1,000 | max rel diff. = 0.319624
[2024-08-07 15:42:44.889] [jointLog] [info] iteration = 1,100 | max rel diff. = 0.0627229
[2024-08-07 15:42:47.514] [jointLog] [info] iteration = 1,200 | max rel diff. = 0.131706
[2024-08-07 15:42:50.129] [jointLog] [info] iteration = 1,300 | max rel diff. = 0.204306
[2024-08-07 15:42:52.746] [jointLog] [info] iteration = 1,400 | max rel diff. = 0.0833419
[2024-08-07 15:42:55.362] [jointLog] [info] iteration = 1,500 | max rel diff. = 0.914881
[2024-08-07 15:42:57.977] [jointLog] [info] iteration = 1,600 | max rel diff. = 0.0550585
[2024-08-07 15:43:00.594] [jointLog] [info] iteration = 1,700 | max rel diff. = 0.112426
[2024-08-07 15:43:03.210] [jointLog] [info] iteration = 1,800 | max rel diff. = 0.119367
[2024-08-07 15:43:05.815] [jointLog] [info] iteration = 1,900 | max rel diff. = 0.157942
[2024-08-07 15:43:08.423] [jointLog] [info] iteration = 2,000 | max rel diff. = 0.0454137
[2024-08-07 15:43:11.036] [jointLog] [info] iteration = 2,100 | max rel diff. = 0.0242515
[2024-08-07 15:43:13.652] [jointLog] [info] iteration = 2,200 | max rel diff. = 0.0423541
[2024-08-07 15:43:16.265] [jointLog] [info] iteration = 2,300 | max rel diff. = 0.171095
[2024-08-07 15:43:18.887] [jointLog] [info] iteration = 2,400 | max rel diff. = 0.0237839
[2024-08-07 15:43:21.511] [jointLog] [info] iteration = 2,500 | max rel diff. = 0.0460025
[2024-08-07 15:43:24.132] [jointLog] [info] iteration = 2,600 | max rel diff. = 0.0444416
[2024-08-07 15:43:26.743] [jointLog] [info] iteration = 2,700 | max rel diff. = 6.35552
[2024-08-07 15:43:26.769] [jointLog] [info] iteration = 2,702 | max rel diff. = 0.00714595
[2024-08-07 15:43:26.774] [jointLog] [info] Finished optimizer
[2024-08-07 15:43:26.774] [jointLog] [info] writing output 

