[2024-07-26 12:56:15.928] [jointLog] [info] setting maxHashResizeThreads to 4
[2024-07-26 12:56:15.928] [jointLog] [info] Fragment incompatibility prior below threshold.  Incompatible fragments will be ignored.
[2024-07-26 12:56:15.928] [jointLog] [info] Usage of --validateMappings implies use of minScoreFraction. Since not explicitly specified, it is being set to 0.65
[2024-07-26 12:56:15.928] [jointLog] [info] Setting consensusSlack to selective-alignment default of 0.35.
[2024-07-26 12:56:15.928] [jointLog] [info] parsing read library format
[2024-07-26 12:56:15.928] [jointLog] [info] There is 1 library.
[2024-07-26 12:56:15.930] [jointLog] [info] Loading pufferfish index
[2024-07-26 12:56:15.931] [jointLog] [info] Loading dense pufferfish index.
[2024-07-26 12:56:19.584] [jointLog] [info] done
[2024-07-26 12:56:19.665] [jointLog] [info] Index contained 116,756 targets
[2024-07-26 12:56:21.250] [jointLog] [info] Number of decoys : 0
[2024-07-26 12:56:27.807] [jointLog] [info] Automatically detected most likely library type as ISR

[2024-07-26 13:17:45.072] [jointLog] [info] Thread saw mini-batch with a maximum of 0.18% zero probability fragments
[2024-07-26 13:17:45.120] [jointLog] [info] Thread saw mini-batch with a maximum of 0.22% zero probability fragments
[2024-07-26 13:17:45.286] [jointLog] [info] Thread saw mini-batch with a maximum of 0.22% zero probability fragments
[2024-07-26 13:17:45.344] [jointLog] [info] Thread saw mini-batch with a maximum of 0.22% zero probability fragments
[2024-07-26 13:17:45.422] [jointLog] [info] Computed 108,509 rich equivalence classes for further processing
[2024-07-26 13:17:45.422] [jointLog] [info] Counted 8,454,055 total reads in the equivalence classes 
[2024-07-26 13:17:45.424] [jointLog] [warning] 0.18289% of fragments were shorter than the k used to build the index.
If this fraction is too large, consider re-building the index with a smaller k.
The minimum read size found was 15.


[2024-07-26 13:17:45.424] [jointLog] [info] Number of mappings discarded because of alignment score : 46,979,373
[2024-07-26 13:17:45.424] [jointLog] [info] Number of fragments entirely discarded because of alignment score : 4,750,780
[2024-07-26 13:17:45.424] [jointLog] [info] Number of fragments discarded because they are best-mapped to decoys : 0
[2024-07-26 13:17:45.424] [jointLog] [info] Number of fragments discarded because they have only dovetail (discordant) mappings to valid targets : 64,874
[2024-07-26 13:17:45.424] [jointLog] [info] Mapping rate = 15.4758%

[2024-07-26 13:17:45.424] [jointLog] [info] finished quantifyLibrary()
[2024-07-26 13:17:45.425] [jointLog] [info] Starting optimizer
[2024-07-26 13:17:45.423] [fileLog] [info] 
At end of round 0
==================
Observed 54627482 total fragments (54627482 in most recent round)

[2024-07-26 13:17:46.402] [jointLog] [info] Marked 0 weighted equivalence classes as degenerate
[2024-07-26 13:17:46.410] [jointLog] [info] iteration = 0 | max rel diff. = 5992.56
[2024-07-26 13:17:46.489] [jointLog] [info] iteration 11, adjusting effective lengths to account for biases
[2024-07-26 13:18:51.669] [jointLog] [info] Computed expected counts (for bias correction)
[2024-07-26 13:18:51.669] [jointLog] [info] processed bias for 0.2% of the transcripts
[2024-07-26 13:18:57.074] [jointLog] [info] processed bias for 10.0% of the transcripts
[2024-07-26 13:19:02.969] [jointLog] [info] processed bias for 20.0% of the transcripts
[2024-07-26 13:19:08.433] [jointLog] [info] processed bias for 30.0% of the transcripts
[2024-07-26 13:19:14.065] [jointLog] [info] processed bias for 40.0% of the transcripts
[2024-07-26 13:19:20.045] [jointLog] [info] processed bias for 50.0% of the transcripts
[2024-07-26 13:19:25.850] [jointLog] [info] processed bias for 60.0% of the transcripts
[2024-07-26 13:19:31.840] [jointLog] [info] processed bias for 70.0% of the transcripts
[2024-07-26 13:19:37.261] [jointLog] [info] processed bias for 80.0% of the transcripts
[2024-07-26 13:19:40.707] [jointLog] [info] processed bias for 90.0% of the transcripts
[2024-07-26 13:19:41.986] [jointLog] [info] processed bias for 100.0% of the transcripts
[2024-07-26 13:19:41.990] [jointLog] [info] processed bias for 100.0% of the transcripts
[2024-07-26 13:19:42.685] [jointLog] [info] iteration = 100 | max rel diff. = 19.399
[2024-07-26 13:19:43.469] [jointLog] [info] iteration = 200 | max rel diff. = 16.205
[2024-07-26 13:19:44.208] [jointLog] [info] iteration = 300 | max rel diff. = 2.38295
[2024-07-26 13:19:44.921] [jointLog] [info] iteration = 400 | max rel diff. = 1.68798
[2024-07-26 13:19:45.644] [jointLog] [info] iteration = 500 | max rel diff. = 10.5924
[2024-07-26 13:19:46.437] [jointLog] [info] iteration = 600 | max rel diff. = 0.134299
[2024-07-26 13:19:47.223] [jointLog] [info] iteration = 700 | max rel diff. = 0.0378442
[2024-07-26 13:19:47.939] [jointLog] [info] iteration = 800 | max rel diff. = 0.0639935
[2024-07-26 13:19:48.652] [jointLog] [info] iteration = 900 | max rel diff. = 0.0484146
[2024-07-26 13:19:49.366] [jointLog] [info] iteration = 1,000 | max rel diff. = 1.72122
[2024-07-26 13:19:49.431] [jointLog] [info] iteration = 1,010 | max rel diff. = 0.00704746
[2024-07-26 13:19:49.443] [jointLog] [info] Finished optimizer
[2024-07-26 13:19:49.443] [jointLog] [info] writing output 

