[2024-08-07 15:10:10.528] [jointLog] [info] setting maxHashResizeThreads to 4
[2024-08-07 15:10:10.528] [jointLog] [info] Fragment incompatibility prior below threshold.  Incompatible fragments will be ignored.
[2024-08-07 15:10:10.528] [jointLog] [info] Usage of --validateMappings implies use of minScoreFraction. Since not explicitly specified, it is being set to 0.65
[2024-08-07 15:10:10.528] [jointLog] [info] Setting consensusSlack to selective-alignment default of 0.35.
[2024-08-07 15:10:10.528] [jointLog] [info] parsing read library format
[2024-08-07 15:10:10.529] [jointLog] [info] There is 1 library.
[2024-08-07 15:10:10.530] [jointLog] [info] Loading pufferfish index
[2024-08-07 15:10:10.530] [jointLog] [info] Loading dense pufferfish index.
[2024-08-07 15:10:19.028] [jointLog] [info] done
[2024-08-07 15:10:19.099] [jointLog] [info] Index contained 187,432 targets
[2024-08-07 15:10:20.905] [jointLog] [info] Number of decoys : 0
[2024-08-07 15:10:22.031] [jointLog] [info] Automatically detected most likely library type as ISR

[2024-08-07 15:37:33.197] [jointLog] [info] Thread saw mini-batch with a maximum of 2.58% zero probability fragments
[2024-08-07 15:37:33.449] [jointLog] [info] Thread saw mini-batch with a maximum of 2.56% zero probability fragments
[2024-08-07 15:37:33.560] [jointLog] [info] Thread saw mini-batch with a maximum of 2.54% zero probability fragments
[2024-08-07 15:37:33.566] [jointLog] [info] Thread saw mini-batch with a maximum of 2.56% zero probability fragments
[2024-08-07 15:37:33.831] [jointLog] [info] Computed 494,728 rich equivalence classes for further processing
[2024-08-07 15:37:33.831] [jointLog] [info] Counted 30,889,979 total reads in the equivalence classes 
[2024-08-07 15:37:33.834] [jointLog] [warning] 0.178916% of fragments were shorter than the k used to build the index.
If this fraction is too large, consider re-building the index with a smaller k.
The minimum read size found was 15.


[2024-08-07 15:37:33.834] [jointLog] [info] Number of mappings discarded because of alignment score : 122,800,189
[2024-08-07 15:37:33.834] [jointLog] [info] Number of fragments entirely discarded because of alignment score : 4,871,400
[2024-08-07 15:37:33.834] [jointLog] [info] Number of fragments discarded because they are best-mapped to decoys : 0
[2024-08-07 15:37:33.834] [jointLog] [info] Number of fragments discarded because they have only dovetail (discordant) mappings to valid targets : 293,980
[2024-08-07 15:37:33.834] [jointLog] [info] Mapping rate = 57.3668%

[2024-08-07 15:37:33.834] [jointLog] [info] finished quantifyLibrary()
[2024-08-07 15:37:33.835] [jointLog] [info] Starting optimizer
[2024-08-07 15:37:33.986] [jointLog] [info] Marked 0 weighted equivalence classes as degenerate
[2024-08-07 15:37:33.831] [fileLog] [info] 
At end of round 0
==================
Observed 53846482 total fragments (53846482 in most recent round)

[2024-08-07 15:37:34.043] [jointLog] [info] iteration = 0 | max rel diff. = 6280.54
[2024-08-07 15:37:34.463] [jointLog] [info] iteration 11, adjusting effective lengths to account for biases
[2024-08-07 15:39:56.708] [jointLog] [info] Computed expected counts (for bias correction)
[2024-08-07 15:39:56.708] [jointLog] [info] processed bias for 0.0% of the transcripts
[2024-08-07 15:40:04.217] [jointLog] [info] processed bias for 10.0% of the transcripts
[2024-08-07 15:40:12.915] [jointLog] [info] processed bias for 20.0% of the transcripts
[2024-08-07 15:40:22.088] [jointLog] [info] processed bias for 30.0% of the transcripts
[2024-08-07 15:40:31.038] [jointLog] [info] processed bias for 40.0% of the transcripts
[2024-08-07 15:40:40.434] [jointLog] [info] processed bias for 50.0% of the transcripts
[2024-08-07 15:40:50.238] [jointLog] [info] processed bias for 60.0% of the transcripts
[2024-08-07 15:40:59.913] [jointLog] [info] processed bias for 70.0% of the transcripts
[2024-08-07 15:41:08.616] [jointLog] [info] processed bias for 80.0% of the transcripts
[2024-08-07 15:41:11.401] [jointLog] [info] processed bias for 90.0% of the transcripts
[2024-08-07 15:41:22.397] [jointLog] [info] processed bias for 100.0% of the transcripts
[2024-08-07 15:41:26.755] [jointLog] [info] iteration = 100 | max rel diff. = 19.4873
[2024-08-07 15:41:31.571] [jointLog] [info] iteration = 200 | max rel diff. = 6.02147
[2024-08-07 15:41:36.394] [jointLog] [info] iteration = 300 | max rel diff. = 1.17674
[2024-08-07 15:41:41.226] [jointLog] [info] iteration = 400 | max rel diff. = 4.0879
[2024-08-07 15:41:46.039] [jointLog] [info] iteration = 500 | max rel diff. = 0.535546
[2024-08-07 15:41:50.882] [jointLog] [info] iteration = 600 | max rel diff. = 0.219974
[2024-08-07 15:41:55.707] [jointLog] [info] iteration = 700 | max rel diff. = 1.25173
[2024-08-07 15:42:00.530] [jointLog] [info] iteration = 800 | max rel diff. = 4.529
[2024-08-07 15:42:05.356] [jointLog] [info] iteration = 900 | max rel diff. = 0.152934
[2024-08-07 15:42:10.179] [jointLog] [info] iteration = 1,000 | max rel diff. = 0.0516951
[2024-08-07 15:42:14.987] [jointLog] [info] iteration = 1,100 | max rel diff. = 1.68288
[2024-08-07 15:42:19.807] [jointLog] [info] iteration = 1,200 | max rel diff. = 2.12732
[2024-08-07 15:42:24.618] [jointLog] [info] iteration = 1,300 | max rel diff. = 0.236248
[2024-08-07 15:42:29.332] [jointLog] [info] iteration = 1,399 | max rel diff. = 0.00842202
[2024-08-07 15:42:29.337] [jointLog] [info] Finished optimizer
[2024-08-07 15:42:29.337] [jointLog] [info] writing output 

