[2024-07-25 23:28:29.818] [jointLog] [info] setting maxHashResizeThreads to 4
[2024-07-25 23:28:29.818] [jointLog] [info] Fragment incompatibility prior below threshold.  Incompatible fragments will be ignored.
[2024-07-25 23:28:29.818] [jointLog] [info] Usage of --validateMappings implies use of minScoreFraction. Since not explicitly specified, it is being set to 0.65
[2024-07-25 23:28:29.818] [jointLog] [info] Setting consensusSlack to selective-alignment default of 0.35.
[2024-07-25 23:28:29.818] [jointLog] [info] parsing read library format
[2024-07-25 23:28:29.818] [jointLog] [info] There is 1 library.
[2024-07-25 23:28:29.819] [jointLog] [info] Loading pufferfish index
[2024-07-25 23:28:29.820] [jointLog] [info] Loading dense pufferfish index.
[2024-07-25 23:28:32.531] [jointLog] [info] done
[2024-07-25 23:28:32.570] [jointLog] [info] Index contained 116,756 targets
[2024-07-25 23:28:33.585] [jointLog] [info] Number of decoys : 0
[2024-07-25 23:28:41.139] [jointLog] [info] Automatically detected most likely library type as ISR

[2024-07-25 23:53:17.850] [jointLog] [info] Thread saw mini-batch with a maximum of 0.20% zero probability fragments
[2024-07-25 23:53:17.894] [jointLog] [info] Thread saw mini-batch with a maximum of 0.24% zero probability fragments
[2024-07-25 23:53:18.029] [jointLog] [info] Thread saw mini-batch with a maximum of 0.22% zero probability fragments
[2024-07-25 23:53:18.113] [jointLog] [info] Thread saw mini-batch with a maximum of 0.20% zero probability fragments
[2024-07-25 23:53:18.174] [jointLog] [info] Computed 118,238 rich equivalence classes for further processing
[2024-07-25 23:53:18.174] [jointLog] [info] Counted 9,186,530 total reads in the equivalence classes 
[2024-07-25 23:53:18.176] [jointLog] [warning] 0.188992% of fragments were shorter than the k used to build the index.
If this fraction is too large, consider re-building the index with a smaller k.
The minimum read size found was 15.


[2024-07-25 23:53:18.176] [jointLog] [info] Number of mappings discarded because of alignment score : 47,165,128
[2024-07-25 23:53:18.176] [jointLog] [info] Number of fragments entirely discarded because of alignment score : 5,283,580
[2024-07-25 23:53:18.176] [jointLog] [info] Number of fragments discarded because they are best-mapped to decoys : 0
[2024-07-25 23:53:18.176] [jointLog] [info] Number of fragments discarded because they have only dovetail (discordant) mappings to valid targets : 63,838
[2024-07-25 23:53:18.176] [jointLog] [info] Mapping rate = 15.065%

[2024-07-25 23:53:18.176] [jointLog] [info] finished quantifyLibrary()
[2024-07-25 23:53:18.178] [jointLog] [info] Starting optimizer
[2024-07-25 23:53:18.214] [jointLog] [info] Marked 0 weighted equivalence classes as degenerate
[2024-07-25 23:53:18.224] [jointLog] [info] iteration = 0 | max rel diff. = 6404.25
[2024-07-25 23:53:18.299] [jointLog] [info] iteration 11, adjusting effective lengths to account for biases
[2024-07-25 23:53:18.175] [fileLog] [info] 
At end of round 0
==================
Observed 60979318 total fragments (60979318 in most recent round)

[2024-07-25 23:54:06.005] [jointLog] [info] Computed expected counts (for bias correction)
[2024-07-25 23:54:06.005] [jointLog] [info] processed bias for 0.2% of the transcripts
[2024-07-25 23:54:09.003] [jointLog] [info] processed bias for 10.0% of the transcripts
[2024-07-25 23:54:12.367] [jointLog] [info] processed bias for 20.0% of the transcripts
[2024-07-25 23:54:15.508] [jointLog] [info] processed bias for 30.0% of the transcripts
[2024-07-25 23:54:18.741] [jointLog] [info] processed bias for 40.0% of the transcripts
[2024-07-25 23:54:22.163] [jointLog] [info] processed bias for 50.0% of the transcripts
[2024-07-25 23:54:24.553] [jointLog] [info] processed bias for 60.0% of the transcripts
[2024-07-25 23:54:25.684] [jointLog] [info] processed bias for 70.0% of the transcripts
[2024-07-25 23:54:28.454] [jointLog] [info] processed bias for 80.0% of the transcripts
[2024-07-25 23:54:31.321] [jointLog] [info] processed bias for 90.0% of the transcripts
[2024-07-25 23:54:34.494] [jointLog] [info] processed bias for 100.0% of the transcripts
[2024-07-25 23:54:34.500] [jointLog] [info] processed bias for 100.0% of the transcripts
[2024-07-25 23:54:35.148] [jointLog] [info] iteration = 100 | max rel diff. = 5.17402
[2024-07-25 23:54:35.863] [jointLog] [info] iteration = 200 | max rel diff. = 2.79715
[2024-07-25 23:54:36.578] [jointLog] [info] iteration = 300 | max rel diff. = 5.477
[2024-07-25 23:54:37.297] [jointLog] [info] iteration = 400 | max rel diff. = 0.330482
[2024-07-25 23:54:38.013] [jointLog] [info] iteration = 500 | max rel diff. = 5.92427
[2024-07-25 23:54:38.731] [jointLog] [info] iteration = 600 | max rel diff. = 0.390942
[2024-07-25 23:54:39.451] [jointLog] [info] iteration = 700 | max rel diff. = 0.13609
[2024-07-25 23:54:40.170] [jointLog] [info] iteration = 800 | max rel diff. = 3.77719
[2024-07-25 23:54:40.889] [jointLog] [info] iteration = 900 | max rel diff. = 0.172394
[2024-07-25 23:54:41.602] [jointLog] [info] iteration = 1,000 | max rel diff. = 0.0273921
[2024-07-25 23:54:42.316] [jointLog] [info] iteration = 1,100 | max rel diff. = 0.0665785
[2024-07-25 23:54:43.031] [jointLog] [info] iteration = 1,200 | max rel diff. = 0.0552916
[2024-07-25 23:54:43.195] [jointLog] [info] iteration = 1,224 | max rel diff. = 0.00700779
[2024-07-25 23:54:43.198] [jointLog] [info] Finished optimizer
[2024-07-25 23:54:43.198] [jointLog] [info] writing output 

