[2024-08-07 15:10:10.488] [jointLog] [info] setting maxHashResizeThreads to 4
[2024-08-07 15:10:10.488] [jointLog] [info] Fragment incompatibility prior below threshold.  Incompatible fragments will be ignored.
[2024-08-07 15:10:10.488] [jointLog] [info] Usage of --validateMappings implies use of minScoreFraction. Since not explicitly specified, it is being set to 0.65
[2024-08-07 15:10:10.488] [jointLog] [info] Setting consensusSlack to selective-alignment default of 0.35.
[2024-08-07 15:10:10.488] [jointLog] [info] parsing read library format
[2024-08-07 15:10:10.488] [jointLog] [info] There is 1 library.
[2024-08-07 15:10:10.489] [jointLog] [info] Loading pufferfish index
[2024-08-07 15:10:10.490] [jointLog] [info] Loading dense pufferfish index.
[2024-08-07 15:10:19.171] [jointLog] [info] done
[2024-08-07 15:10:19.252] [jointLog] [info] Index contained 187,432 targets
[2024-08-07 15:10:21.074] [jointLog] [info] Number of decoys : 0
[2024-08-07 15:10:22.389] [jointLog] [info] Automatically detected most likely library type as ISR

[2024-08-07 15:35:56.432] [jointLog] [info] Thread saw mini-batch with a maximum of 2.00% zero probability fragments
[2024-08-07 15:35:56.435] [jointLog] [info] Thread saw mini-batch with a maximum of 2.12% zero probability fragments
[2024-08-07 15:35:56.594] [jointLog] [info] Thread saw mini-batch with a maximum of 2.02% zero probability fragments
[2024-08-07 15:35:56.738] [jointLog] [info] Thread saw mini-batch with a maximum of 1.98% zero probability fragments
[2024-08-07 15:35:57.037] [fileLog] [info] 
At end of round 0
==================
Observed 56075765 total fragments (56075765 in most recent round)

[2024-08-07 15:35:57.036] [jointLog] [info] Computed 497,644 rich equivalence classes for further processing
[2024-08-07 15:35:57.036] [jointLog] [info] Counted 31,958,163 total reads in the equivalence classes 
[2024-08-07 15:35:57.040] [jointLog] [warning] 0.183591% of fragments were shorter than the k used to build the index.
If this fraction is too large, consider re-building the index with a smaller k.
The minimum read size found was 15.


[2024-08-07 15:35:57.040] [jointLog] [info] Number of mappings discarded because of alignment score : 133,119,584
[2024-08-07 15:35:57.040] [jointLog] [info] Number of fragments entirely discarded because of alignment score : 4,686,015
[2024-08-07 15:35:57.040] [jointLog] [info] Number of fragments discarded because they are best-mapped to decoys : 0
[2024-08-07 15:35:57.040] [jointLog] [info] Number of fragments discarded because they have only dovetail (discordant) mappings to valid targets : 287,682
[2024-08-07 15:35:57.040] [jointLog] [info] Mapping rate = 56.991%

[2024-08-07 15:35:57.040] [jointLog] [info] finished quantifyLibrary()
[2024-08-07 15:35:57.041] [jointLog] [info] Starting optimizer
[2024-08-07 15:35:57.212] [jointLog] [info] Marked 0 weighted equivalence classes as degenerate
[2024-08-07 15:35:57.248] [jointLog] [info] iteration = 0 | max rel diff. = 6148.72
[2024-08-07 15:35:57.602] [jointLog] [info] iteration 11, adjusting effective lengths to account for biases
[2024-08-07 15:38:00.044] [jointLog] [info] Computed expected counts (for bias correction)
[2024-08-07 15:38:00.044] [jointLog] [info] processed bias for 0.0% of the transcripts
[2024-08-07 15:38:06.557] [jointLog] [info] processed bias for 10.0% of the transcripts
[2024-08-07 15:38:14.090] [jointLog] [info] processed bias for 20.0% of the transcripts
[2024-08-07 15:38:21.927] [jointLog] [info] processed bias for 30.0% of the transcripts
[2024-08-07 15:38:29.720] [jointLog] [info] processed bias for 40.0% of the transcripts
[2024-08-07 15:38:37.988] [jointLog] [info] processed bias for 50.0% of the transcripts
[2024-08-07 15:38:46.445] [jointLog] [info] processed bias for 60.0% of the transcripts
[2024-08-07 15:38:52.490] [jointLog] [info] processed bias for 70.0% of the transcripts
[2024-08-07 15:38:55.996] [jointLog] [info] processed bias for 80.0% of the transcripts
[2024-08-07 15:39:04.789] [jointLog] [info] processed bias for 90.0% of the transcripts
[2024-08-07 15:39:13.816] [jointLog] [info] processed bias for 100.0% of the transcripts
[2024-08-07 15:39:13.816] [jointLog] [info] processed bias for 100.0% of the transcripts
[2024-08-07 15:39:16.999] [jointLog] [info] iteration = 100 | max rel diff. = 17.7425
[2024-08-07 15:39:20.511] [jointLog] [info] iteration = 200 | max rel diff. = 9.47623
[2024-08-07 15:39:24.031] [jointLog] [info] iteration = 300 | max rel diff. = 11.2541
[2024-08-07 15:39:27.540] [jointLog] [info] iteration = 400 | max rel diff. = 0.399542
[2024-08-07 15:39:31.060] [jointLog] [info] iteration = 500 | max rel diff. = 0.261282
[2024-08-07 15:39:34.576] [jointLog] [info] iteration = 600 | max rel diff. = 0.557219
[2024-08-07 15:39:38.083] [jointLog] [info] iteration = 700 | max rel diff. = 0.0528571
[2024-08-07 15:39:41.589] [jointLog] [info] iteration = 800 | max rel diff. = 0.312201
[2024-08-07 15:39:45.123] [jointLog] [info] iteration = 900 | max rel diff. = 0.380554
[2024-08-07 15:39:48.631] [jointLog] [info] iteration = 1,000 | max rel diff. = 0.0574043
[2024-08-07 15:39:52.141] [jointLog] [info] iteration = 1,100 | max rel diff. = 0.230802
[2024-08-07 15:39:55.670] [jointLog] [info] iteration = 1,200 | max rel diff. = 0.142469
[2024-08-07 15:39:59.207] [jointLog] [info] iteration = 1,300 | max rel diff. = 0.345136
[2024-08-07 15:40:02.737] [jointLog] [info] iteration = 1,400 | max rel diff. = 0.0772857
[2024-08-07 15:40:06.238] [jointLog] [info] iteration = 1,500 | max rel diff. = 0.0402673
[2024-08-07 15:40:09.763] [jointLog] [info] iteration = 1,600 | max rel diff. = 8.27886
[2024-08-07 15:40:13.271] [jointLog] [info] iteration = 1,700 | max rel diff. = 0.636362
[2024-08-07 15:40:16.784] [jointLog] [info] iteration = 1,800 | max rel diff. = 0.0493513
[2024-08-07 15:40:20.292] [jointLog] [info] iteration = 1,900 | max rel diff. = 0.156536
[2024-08-07 15:40:23.810] [jointLog] [info] iteration = 2,000 | max rel diff. = 0.0453066
[2024-08-07 15:40:27.337] [jointLog] [info] iteration = 2,100 | max rel diff. = 0.0227813
[2024-08-07 15:40:30.840] [jointLog] [info] iteration = 2,200 | max rel diff. = 0.0109551
[2024-08-07 15:40:34.342] [jointLog] [info] iteration = 2,300 | max rel diff. = 1.94702
[2024-08-07 15:40:37.869] [jointLog] [info] iteration = 2,400 | max rel diff. = 0.297932
[2024-08-07 15:40:41.390] [jointLog] [info] iteration = 2,500 | max rel diff. = 0.173356
[2024-08-07 15:40:41.640] [jointLog] [info] iteration = 2,508 | max rel diff. = 0.00622788
[2024-08-07 15:40:41.648] [jointLog] [info] Finished optimizer
[2024-08-07 15:40:41.648] [jointLog] [info] writing output 

