[2024-08-07 15:10:10.391] [jointLog] [info] setting maxHashResizeThreads to 4
[2024-08-07 15:10:10.391] [jointLog] [info] Fragment incompatibility prior below threshold.  Incompatible fragments will be ignored.
[2024-08-07 15:10:10.392] [jointLog] [info] Usage of --validateMappings implies use of minScoreFraction. Since not explicitly specified, it is being set to 0.65
[2024-08-07 15:10:10.392] [jointLog] [info] Setting consensusSlack to selective-alignment default of 0.35.
[2024-08-07 15:10:10.392] [jointLog] [info] parsing read library format
[2024-08-07 15:10:10.392] [jointLog] [info] There is 1 library.
[2024-08-07 15:10:10.393] [jointLog] [info] Loading pufferfish index
[2024-08-07 15:10:10.393] [jointLog] [info] Loading dense pufferfish index.
[2024-08-07 15:10:18.742] [jointLog] [info] done
[2024-08-07 15:10:18.814] [jointLog] [info] Index contained 187,432 targets
[2024-08-07 15:10:20.607] [jointLog] [info] Number of decoys : 0
[2024-08-07 15:10:21.372] [jointLog] [info] Automatically detected most likely library type as ISR

[2024-08-07 15:28:40.338] [jointLog] [info] Thread saw mini-batch with a maximum of 1.72% zero probability fragments
[2024-08-07 15:28:40.407] [jointLog] [info] Thread saw mini-batch with a maximum of 1.94% zero probability fragments
[2024-08-07 15:28:40.408] [jointLog] [info] Thread saw mini-batch with a maximum of 1.74% zero probability fragments
[2024-08-07 15:28:40.465] [jointLog] [info] Thread saw mini-batch with a maximum of 1.72% zero probability fragments
[2024-08-07 15:28:40.738] [fileLog] [info] 
At end of round 0
==================
Observed 53486795 total fragments (53486795 in most recent round)

[2024-08-07 15:28:40.738] [jointLog] [info] Computed 498,651 rich equivalence classes for further processing
[2024-08-07 15:28:40.738] [jointLog] [info] Counted 34,099,417 total reads in the equivalence classes 
[2024-08-07 15:28:40.741] [jointLog] [warning] 0.182735% of fragments were shorter than the k used to build the index.
If this fraction is too large, consider re-building the index with a smaller k.
The minimum read size found was 15.


[2024-08-07 15:28:40.741] [jointLog] [info] Number of mappings discarded because of alignment score : 89,213,858
[2024-08-07 15:28:40.741] [jointLog] [info] Number of fragments entirely discarded because of alignment score : 3,729,098
[2024-08-07 15:28:40.741] [jointLog] [info] Number of fragments discarded because they are best-mapped to decoys : 0
[2024-08-07 15:28:40.741] [jointLog] [info] Number of fragments discarded because they have only dovetail (discordant) mappings to valid targets : 227,227
[2024-08-07 15:28:40.741] [jointLog] [info] Mapping rate = 63.753%

[2024-08-07 15:28:40.741] [jointLog] [info] finished quantifyLibrary()
[2024-08-07 15:28:40.742] [jointLog] [info] Starting optimizer
[2024-08-07 15:28:40.887] [jointLog] [info] Marked 0 weighted equivalence classes as degenerate
[2024-08-07 15:28:40.928] [jointLog] [info] iteration = 0 | max rel diff. = 5779.13
[2024-08-07 15:28:41.327] [jointLog] [info] iteration 11, adjusting effective lengths to account for biases
[2024-08-07 15:31:00.088] [jointLog] [info] Computed expected counts (for bias correction)
[2024-08-07 15:31:00.088] [jointLog] [info] processed bias for 0.0% of the transcripts
[2024-08-07 15:31:07.353] [jointLog] [info] processed bias for 10.0% of the transcripts
[2024-08-07 15:31:15.743] [jointLog] [info] processed bias for 20.0% of the transcripts
[2024-08-07 15:31:24.333] [jointLog] [info] processed bias for 30.0% of the transcripts
[2024-08-07 15:31:32.714] [jointLog] [info] processed bias for 40.0% of the transcripts
[2024-08-07 15:31:41.380] [jointLog] [info] processed bias for 50.0% of the transcripts
[2024-08-07 15:31:50.569] [jointLog] [info] processed bias for 60.0% of the transcripts
[2024-08-07 15:31:58.273] [jointLog] [info] processed bias for 70.0% of the transcripts
[2024-08-07 15:32:04.377] [jointLog] [info] processed bias for 80.0% of the transcripts
[2024-08-07 15:32:11.464] [jointLog] [info] processed bias for 90.0% of the transcripts
[2024-08-07 15:32:21.592] [jointLog] [info] processed bias for 100.0% of the transcripts
[2024-08-07 15:32:24.404] [jointLog] [info] iteration = 100 | max rel diff. = 15.9581
[2024-08-07 15:32:27.554] [jointLog] [info] iteration = 200 | max rel diff. = 12.7124
[2024-08-07 15:32:30.720] [jointLog] [info] iteration = 300 | max rel diff. = 12.6224
[2024-08-07 15:32:33.854] [jointLog] [info] iteration = 400 | max rel diff. = 2.51344
[2024-08-07 15:32:37.027] [jointLog] [info] iteration = 500 | max rel diff. = 0.765264
[2024-08-07 15:32:40.181] [jointLog] [info] iteration = 600 | max rel diff. = 0.505346
[2024-08-07 15:32:43.317] [jointLog] [info] iteration = 700 | max rel diff. = 0.142995
[2024-08-07 15:32:46.480] [jointLog] [info] iteration = 800 | max rel diff. = 0.146165
[2024-08-07 15:32:49.664] [jointLog] [info] iteration = 900 | max rel diff. = 0.0914311
[2024-08-07 15:32:52.793] [jointLog] [info] iteration = 1,000 | max rel diff. = 0.111133
[2024-08-07 15:32:55.988] [jointLog] [info] iteration = 1,100 | max rel diff. = 0.252474
[2024-08-07 15:32:59.161] [jointLog] [info] iteration = 1,200 | max rel diff. = 1.00465
[2024-08-07 15:33:02.303] [jointLog] [info] iteration = 1,300 | max rel diff. = 0.0665652
[2024-08-07 15:33:05.490] [jointLog] [info] iteration = 1,400 | max rel diff. = 0.120739
[2024-08-07 15:33:07.822] [jointLog] [info] iteration = 1,475 | max rel diff. = 0.0096342
[2024-08-07 15:33:07.829] [jointLog] [info] Finished optimizer
[2024-08-07 15:33:07.829] [jointLog] [info] writing output 

