[2024-08-07 15:10:10.376] [jointLog] [info] setting maxHashResizeThreads to 4
[2024-08-07 15:10:10.376] [jointLog] [info] Fragment incompatibility prior below threshold.  Incompatible fragments will be ignored.
[2024-08-07 15:10:10.377] [jointLog] [info] Usage of --validateMappings implies use of minScoreFraction. Since not explicitly specified, it is being set to 0.65
[2024-08-07 15:10:10.377] [jointLog] [info] Setting consensusSlack to selective-alignment default of 0.35.
[2024-08-07 15:10:10.377] [jointLog] [info] parsing read library format
[2024-08-07 15:10:10.377] [jointLog] [info] There is 1 library.
[2024-08-07 15:10:10.378] [jointLog] [info] Loading pufferfish index
[2024-08-07 15:10:10.379] [jointLog] [info] Loading dense pufferfish index.
[2024-08-07 15:10:17.830] [jointLog] [info] done
[2024-08-07 15:10:17.961] [jointLog] [info] Index contained 187,432 targets
[2024-08-07 15:10:19.528] [jointLog] [info] Number of decoys : 0
[2024-08-07 15:10:20.731] [jointLog] [info] Automatically detected most likely library type as ISR

[2024-08-07 15:39:16.105] [jointLog] [info] Thread saw mini-batch with a maximum of 2.30% zero probability fragments
[2024-08-07 15:39:16.210] [jointLog] [info] Thread saw mini-batch with a maximum of 2.06% zero probability fragments
[2024-08-07 15:39:16.270] [jointLog] [info] Thread saw mini-batch with a maximum of 2.12% zero probability fragments
[2024-08-07 15:39:16.420] [jointLog] [info] Thread saw mini-batch with a maximum of 2.06% zero probability fragments
[2024-08-07 15:39:16.758] [fileLog] [info] 
At end of round 0
==================
Observed 60979318 total fragments (60979318 in most recent round)

[2024-08-07 15:39:16.757] [jointLog] [info] Computed 540,412 rich equivalence classes for further processing
[2024-08-07 15:39:16.757] [jointLog] [info] Counted 35,600,533 total reads in the equivalence classes 
[2024-08-07 15:39:16.760] [jointLog] [warning] 0.188992% of fragments were shorter than the k used to build the index.
If this fraction is too large, consider re-building the index with a smaller k.
The minimum read size found was 15.


[2024-08-07 15:39:16.760] [jointLog] [info] Number of mappings discarded because of alignment score : 112,148,042
[2024-08-07 15:39:16.760] [jointLog] [info] Number of fragments entirely discarded because of alignment score : 5,378,222
[2024-08-07 15:39:16.760] [jointLog] [info] Number of fragments discarded because they are best-mapped to decoys : 0
[2024-08-07 15:39:16.760] [jointLog] [info] Number of fragments discarded because they have only dovetail (discordant) mappings to valid targets : 297,820
[2024-08-07 15:39:16.760] [jointLog] [info] Mapping rate = 58.3813%

[2024-08-07 15:39:16.760] [jointLog] [info] finished quantifyLibrary()
[2024-08-07 15:39:16.762] [jointLog] [info] Starting optimizer
[2024-08-07 15:39:16.889] [jointLog] [info] Marked 0 weighted equivalence classes as degenerate
[2024-08-07 15:39:16.938] [jointLog] [info] iteration = 0 | max rel diff. = 5468.38
[2024-08-07 15:39:17.439] [jointLog] [info] iteration 11, adjusting effective lengths to account for biases
[2024-08-07 15:41:33.537] [jointLog] [info] Computed expected counts (for bias correction)
[2024-08-07 15:41:33.537] [jointLog] [info] processed bias for 0.0% of the transcripts
[2024-08-07 15:41:40.577] [jointLog] [info] processed bias for 10.0% of the transcripts
[2024-08-07 15:41:48.740] [jointLog] [info] processed bias for 20.0% of the transcripts
[2024-08-07 15:41:57.304] [jointLog] [info] processed bias for 30.0% of the transcripts
[2024-08-07 15:42:05.739] [jointLog] [info] processed bias for 40.0% of the transcripts
[2024-08-07 15:42:14.722] [jointLog] [info] processed bias for 50.0% of the transcripts
[2024-08-07 15:42:23.993] [jointLog] [info] processed bias for 60.0% of the transcripts
[2024-08-07 15:42:30.502] [jointLog] [info] processed bias for 70.0% of the transcripts
[2024-08-07 15:42:34.432] [jointLog] [info] processed bias for 80.0% of the transcripts
[2024-08-07 15:42:44.333] [jointLog] [info] processed bias for 90.0% of the transcripts
[2024-08-07 15:42:53.638] [jointLog] [info] processed bias for 100.0% of the transcripts
[2024-08-07 15:42:53.648] [jointLog] [info] processed bias for 100.0% of the transcripts
[2024-08-07 15:42:57.885] [jointLog] [info] iteration = 100 | max rel diff. = 17.91
[2024-08-07 15:43:02.573] [jointLog] [info] iteration = 200 | max rel diff. = 14.0945
[2024-08-07 15:43:07.263] [jointLog] [info] iteration = 300 | max rel diff. = 7.21553
[2024-08-07 15:43:12.272] [jointLog] [info] iteration = 400 | max rel diff. = 7.19595
[2024-08-07 15:43:17.194] [jointLog] [info] iteration = 500 | max rel diff. = 11.5431
[2024-08-07 15:43:22.160] [jointLog] [info] iteration = 600 | max rel diff. = 6.71551
[2024-08-07 15:43:27.122] [jointLog] [info] iteration = 700 | max rel diff. = 1.6717
[2024-08-07 15:43:32.085] [jointLog] [info] iteration = 800 | max rel diff. = 0.773373
[2024-08-07 15:43:37.043] [jointLog] [info] iteration = 900 | max rel diff. = 0.06283
[2024-08-07 15:43:41.997] [jointLog] [info] iteration = 1,000 | max rel diff. = 0.388266
[2024-08-07 15:43:46.956] [jointLog] [info] iteration = 1,100 | max rel diff. = 0.100145
[2024-08-07 15:43:51.916] [jointLog] [info] iteration = 1,200 | max rel diff. = 0.0681956
[2024-08-07 15:43:56.855] [jointLog] [info] iteration = 1,300 | max rel diff. = 0.0761692
[2024-08-07 15:44:01.826] [jointLog] [info] iteration = 1,400 | max rel diff. = 0.0393785
[2024-08-07 15:44:06.756] [jointLog] [info] iteration = 1,500 | max rel diff. = 0.0224947
[2024-08-07 15:44:11.703] [jointLog] [info] iteration = 1,600 | max rel diff. = 0.0180479
[2024-08-07 15:44:16.656] [jointLog] [info] iteration = 1,700 | max rel diff. = 0.0473601
[2024-08-07 15:44:17.800] [jointLog] [info] iteration = 1,724 | max rel diff. = 0.00500577
[2024-08-07 15:44:17.805] [jointLog] [info] Finished optimizer
[2024-08-07 15:44:17.805] [jointLog] [info] writing output 

