[2024-07-25 22:25:53.218] [jointLog] [info] setting maxHashResizeThreads to 4
[2024-07-25 22:25:53.218] [jointLog] [info] Fragment incompatibility prior below threshold.  Incompatible fragments will be ignored.
[2024-07-25 22:25:53.218] [jointLog] [info] Usage of --validateMappings implies use of minScoreFraction. Since not explicitly specified, it is being set to 0.65
[2024-07-25 22:25:53.218] [jointLog] [info] Setting consensusSlack to selective-alignment default of 0.35.
[2024-07-25 22:25:53.218] [jointLog] [info] parsing read library format
[2024-07-25 22:25:53.218] [jointLog] [info] There is 1 library.
[2024-07-25 22:25:53.220] [jointLog] [info] Loading pufferfish index
[2024-07-25 22:25:53.220] [jointLog] [info] Loading dense pufferfish index.
[2024-07-25 22:25:57.396] [jointLog] [info] done
[2024-07-25 22:25:57.510] [jointLog] [info] Index contained 116,756 targets
[2024-07-25 22:25:58.556] [jointLog] [info] Number of decoys : 0
[2024-07-25 22:26:07.748] [jointLog] [info] Automatically detected most likely library type as ISR

[2024-07-25 22:48:24.287] [jointLog] [info] Thread saw mini-batch with a maximum of 0.20% zero probability fragments
[2024-07-25 22:48:24.347] [jointLog] [info] Thread saw mini-batch with a maximum of 0.16% zero probability fragments
[2024-07-25 22:48:24.390] [jointLog] [info] Thread saw mini-batch with a maximum of 0.18% zero probability fragments
[2024-07-25 22:48:24.470] [jointLog] [info] Thread saw mini-batch with a maximum of 0.18% zero probability fragments
[2024-07-25 22:48:24.529] [jointLog] [info] Computed 104,101 rich equivalence classes for further processing
[2024-07-25 22:48:24.529] [jointLog] [info] Counted 6,636,553 total reads in the equivalence classes 
[2024-07-25 22:48:24.536] [jointLog] [warning] 0.205306% of fragments were shorter than the k used to build the index.
If this fraction is too large, consider re-building the index with a smaller k.
The minimum read size found was 15.


[2024-07-25 22:48:24.536] [jointLog] [info] Number of mappings discarded because of alignment score : 40,109,235
[2024-07-25 22:48:24.536] [jointLog] [info] Number of fragments entirely discarded because of alignment score : 4,400,250
[2024-07-25 22:48:24.536] [jointLog] [info] Number of fragments discarded because they are best-mapped to decoys : 0
[2024-07-25 22:48:24.536] [jointLog] [info] Number of fragments discarded because they have only dovetail (discordant) mappings to valid targets : 54,827
[2024-07-25 22:48:24.536] [jointLog] [info] Mapping rate = 11.656%

[2024-07-25 22:48:24.536] [jointLog] [info] finished quantifyLibrary()
[2024-07-25 22:48:24.536] [jointLog] [info] Starting optimizer
[2024-07-25 22:48:24.577] [jointLog] [info] Marked 0 weighted equivalence classes as degenerate
[2024-07-25 22:48:24.587] [jointLog] [info] iteration = 0 | max rel diff. = 4920.31
[2024-07-25 22:48:24.534] [fileLog] [info] 
At end of round 0
==================
Observed 56936985 total fragments (56936985 in most recent round)

[2024-07-25 22:48:24.683] [jointLog] [info] iteration 11, adjusting effective lengths to account for biases
[2024-07-25 22:49:05.979] [jointLog] [info] Computed expected counts (for bias correction)
[2024-07-25 22:49:05.979] [jointLog] [info] processed bias for 0.2% of the transcripts
[2024-07-25 22:49:08.555] [jointLog] [info] processed bias for 10.0% of the transcripts
[2024-07-25 22:49:11.457] [jointLog] [info] processed bias for 20.0% of the transcripts
[2024-07-25 22:49:14.160] [jointLog] [info] processed bias for 30.0% of the transcripts
[2024-07-25 22:49:17.011] [jointLog] [info] processed bias for 40.0% of the transcripts
[2024-07-25 22:49:19.977] [jointLog] [info] processed bias for 50.0% of the transcripts
[2024-07-25 22:49:21.361] [jointLog] [info] processed bias for 60.0% of the transcripts
[2024-07-25 22:49:22.530] [jointLog] [info] processed bias for 70.0% of the transcripts
[2024-07-25 22:49:25.468] [jointLog] [info] processed bias for 80.0% of the transcripts
[2024-07-25 22:49:28.286] [jointLog] [info] processed bias for 90.0% of the transcripts
[2024-07-25 22:49:30.709] [jointLog] [info] processed bias for 100.0% of the transcripts
[2024-07-25 22:49:30.714] [jointLog] [info] processed bias for 100.0% of the transcripts
[2024-07-25 22:49:31.385] [jointLog] [info] iteration = 100 | max rel diff. = 20.7714
[2024-07-25 22:49:32.139] [jointLog] [info] iteration = 200 | max rel diff. = 16.6223
[2024-07-25 22:49:32.882] [jointLog] [info] iteration = 300 | max rel diff. = 2.68523
[2024-07-25 22:49:33.623] [jointLog] [info] iteration = 400 | max rel diff. = 0.299026
[2024-07-25 22:49:34.366] [jointLog] [info] iteration = 500 | max rel diff. = 1.2102
[2024-07-25 22:49:35.105] [jointLog] [info] iteration = 600 | max rel diff. = 4.12522
[2024-07-25 22:49:35.850] [jointLog] [info] iteration = 700 | max rel diff. = 0.285482
[2024-07-25 22:49:36.591] [jointLog] [info] iteration = 800 | max rel diff. = 0.107233
[2024-07-25 22:49:37.332] [jointLog] [info] iteration = 900 | max rel diff. = 5.94029
[2024-07-25 22:49:38.073] [jointLog] [info] iteration = 1,000 | max rel diff. = 1.70239
[2024-07-25 22:49:38.812] [jointLog] [info] iteration = 1,100 | max rel diff. = 0.0974695
[2024-07-25 22:49:39.553] [jointLog] [info] iteration = 1,200 | max rel diff. = 0.166296
[2024-07-25 22:49:40.294] [jointLog] [info] iteration = 1,300 | max rel diff. = 0.0156442
[2024-07-25 22:49:41.036] [jointLog] [info] iteration = 1,400 | max rel diff. = 0.206875
[2024-07-25 22:49:41.778] [jointLog] [info] iteration = 1,500 | max rel diff. = 0.120283
[2024-07-25 22:49:42.495] [jointLog] [info] iteration = 1,598 | max rel diff. = 0.00308932
[2024-07-25 22:49:42.498] [jointLog] [info] Finished optimizer
[2024-07-25 22:49:42.498] [jointLog] [info] writing output 

