[2024-07-26 16:52:39.653] [puff::index::jointLog] [info] Running fixFasta
[2024-07-26 16:52:39.678] [puff::index::jointLog] [warning] Entry with header [ENSMUST00000178537.2], had length less than equal to the k-mer length of 31 (perhaps after poly-A clipping)
[2024-07-26 16:52:39.678] [puff::index::jointLog] [warning] Entry with header [ENSMUST00000178862.2], had length less than equal to the k-mer length of 31 (perhaps after poly-A clipping)
[2024-07-26 16:52:39.678] [puff::index::jointLog] [warning] Entry with header [ENSMUST00000196221.2], had length less than equal to the k-mer length of 31 (perhaps after poly-A clipping)
[2024-07-26 16:52:39.678] [puff::index::jointLog] [warning] Entry with header [ENSMUST00000179664.2], had length less than equal to the k-mer length of 31 (perhaps after poly-A clipping)
[2024-07-26 16:52:39.678] [puff::index::jointLog] [warning] Entry with header [ENSMUST00000177564.2], had length less than equal to the k-mer length of 31 (perhaps after poly-A clipping)
[2024-07-26 16:52:39.678] [puff::index::jointLog] [warning] Entry with header [ENSMUST00000179520.2], had length less than equal to the k-mer length of 31 (perhaps after poly-A clipping)
[2024-07-26 16:52:39.678] [puff::index::jointLog] [warning] Entry with header [ENSMUST00000179883.2], had length less than equal to the k-mer length of 31 (perhaps after poly-A clipping)
[2024-07-26 16:52:39.678] [puff::index::jointLog] [warning] Entry with header [ENSMUST00000195858.2], had length less than equal to the k-mer length of 31 (perhaps after poly-A clipping)
[2024-07-26 16:52:39.678] [puff::index::jointLog] [warning] Entry with header [ENSMUST00000179932.2], had length less than equal to the k-mer length of 31 (perhaps after poly-A clipping)
[2024-07-26 16:52:39.678] [puff::index::jointLog] [warning] Entry with header [ENSMUST00000180001.2], had length less than equal to the k-mer length of 31 (perhaps after poly-A clipping)
[2024-07-26 16:52:39.678] [puff::index::jointLog] [warning] Entry with header [ENSMUST00000178815.2], had length less than equal to the k-mer length of 31 (perhaps after poly-A clipping)
[2024-07-26 16:52:39.678] [puff::index::jointLog] [warning] Entry with header [ENSMUST00000177965.2], had length less than equal to the k-mer length of 31 (perhaps after poly-A clipping)
[2024-07-26 16:52:39.678] [puff::index::jointLog] [warning] Entry with header [ENSMUST00000178909.2], had length less than equal to the k-mer length of 31 (perhaps after poly-A clipping)
[2024-07-26 16:52:39.678] [puff::index::jointLog] [warning] Entry with header [ENSMUST00000177646.2], had length less than equal to the k-mer length of 31 (perhaps after poly-A clipping)
[2024-07-26 16:52:39.678] [puff::index::jointLog] [warning] Entry with header [ENSMUST00000178230.2], had length less than equal to the k-mer length of 31 (perhaps after poly-A clipping)
[2024-07-26 16:52:39.678] [puff::index::jointLog] [warning] Entry with header [ENSMUST00000178483.2], had length less than equal to the k-mer length of 31 (perhaps after poly-A clipping)
[2024-07-26 16:52:39.678] [puff::index::jointLog] [warning] Entry with header [ENSMUST00000179262.2], had length less than equal to the k-mer length of 31 (perhaps after poly-A clipping)
[2024-07-26 16:52:39.678] [puff::index::jointLog] [warning] Entry with header [ENSMUST00000178549.2], had length less than equal to the k-mer length of 31 (perhaps after poly-A clipping)
[2024-07-26 16:52:39.678] [puff::index::jointLog] [warning] Entry with header [ENSMUST00000193012.2], had length less than equal to the k-mer length of 31 (perhaps after poly-A clipping)
[2024-07-26 16:52:39.678] [puff::index::jointLog] [warning] Entry with header [ENSMUST00000179166.2], had length less than equal to the k-mer length of 31 (perhaps after poly-A clipping)
[2024-07-26 16:52:39.678] [puff::index::jointLog] [warning] Entry with header [ENSMUST00000179560.2], had length less than equal to the k-mer length of 31 (perhaps after poly-A clipping)
[2024-07-26 16:52:39.678] [puff::index::jointLog] [warning] Entry with header [ENSMUST00000177839.2], had length less than equal to the k-mer length of 31 (perhaps after poly-A clipping)
[2024-07-26 16:52:39.678] [puff::index::jointLog] [warning] Entry with header [ENSMUST00000103439.2], had length less than equal to the k-mer length of 31 (perhaps after poly-A clipping)
[2024-07-26 16:52:39.679] [puff::index::jointLog] [warning] Entry with header [ENSMUST00000180266.2], had length less than equal to the k-mer length of 31 (perhaps after poly-A clipping)
[2024-07-26 16:52:39.679] [puff::index::jointLog] [warning] Entry with header [ENSMUST00000103441.2], had length less than equal to the k-mer length of 31 (perhaps after poly-A clipping)
[2024-07-26 16:52:39.867] [puff::index::jointLog] [warning] Entry with header [ENSMUST00000179793.2], had length less than equal to the k-mer length of 31 (perhaps after poly-A clipping)
[2024-07-26 16:52:39.887] [puff::index::jointLog] [warning] Entry with header [ENSMUST00000226961.2], had length less than equal to the k-mer length of 31 (perhaps after poly-A clipping)
[2024-07-26 16:52:40.214] [puff::index::jointLog] [warning] Entry with header [ENSMUST00000227002.2], had length less than equal to the k-mer length of 31 (perhaps after poly-A clipping)
[2024-07-26 16:52:40.388] [puff::index::jointLog] [warning] Entry with header [ENSMUST00000165700.2], had length less than equal to the k-mer length of 31 (perhaps after poly-A clipping)
[2024-07-26 16:52:40.612] [puff::index::jointLog] [warning] Entry with header [ENSMUST00000228114.2], had length less than equal to the k-mer length of 31 (perhaps after poly-A clipping)
[2024-07-26 16:52:40.949] [puff::index::jointLog] [warning] Entry with header [ENSMUST00000226615.2], had length less than equal to the k-mer length of 31 (perhaps after poly-A clipping)
[2024-07-26 16:52:40.975] [puff::index::jointLog] [warning] Entry with header [ENSMUST00000231713.2], had length less than equal to the k-mer length of 31 (perhaps after poly-A clipping)
[2024-07-26 16:52:40.975] [puff::index::jointLog] [warning] Entry with header [ENSMUST00000231466.2], had length less than equal to the k-mer length of 31 (perhaps after poly-A clipping)
[2024-07-26 16:52:41.607] [puff::index::jointLog] [warning] Entry with header [ENSMUST00000226153.2], had length less than equal to the k-mer length of 31 (perhaps after poly-A clipping)
[2024-07-26 16:52:41.817] [puff::index::jointLog] [warning] Entry with header [ENSMUST00000226589.2], had length less than equal to the k-mer length of 31 (perhaps after poly-A clipping)
[2024-07-26 16:52:41.934] [puff::index::jointLog] [warning] Entry with header [ENSMUST00000226226.2], had length less than equal to the k-mer length of 31 (perhaps after poly-A clipping)
[2024-07-26 16:52:42.420] [puff::index::jointLog] [warning] Entry with header [ENSMUST00000227223.2], had length less than equal to the k-mer length of 31 (perhaps after poly-A clipping)
[2024-07-26 16:52:42.624] [puff::index::jointLog] [warning] Entry with header [ENSMUST00000226172.2], had length less than equal to the k-mer length of 31 (perhaps after poly-A clipping)
[2024-07-26 16:52:42.803] [puff::index::jointLog] [warning] Entry with header [ENSMUST00000229312.2], had length less than equal to the k-mer length of 31 (perhaps after poly-A clipping)
[2024-07-26 16:52:43.701] [puff::index::jointLog] [warning] Entry with header [ENSMUST00000103739.4], had length less than equal to the k-mer length of 31 (perhaps after poly-A clipping)
[2024-07-26 16:52:43.711] [puff::index::jointLog] [warning] Entry with header [ENSMUST00000191703.2], had length less than equal to the k-mer length of 31 (perhaps after poly-A clipping)
[2024-07-26 16:52:43.783] [puff::index::jointLog] [warning] Entry with header [ENSMUST00000200713.2], had length less than equal to the k-mer length of 31 (perhaps after poly-A clipping)
[2024-07-26 16:52:43.842] [puff::index::jointLog] [warning] Entry with header [ENSMUST00000178902.2], had length less than equal to the k-mer length of 31 (perhaps after poly-A clipping)
[2024-07-26 16:52:43.842] [puff::index::jointLog] [warning] Entry with header [ENSMUST00000192089.2], had length less than equal to the k-mer length of 31 (perhaps after poly-A clipping)
[2024-07-26 16:52:44.047] [puff::index::jointLog] [warning] Entry with header [ENSMUST00000170385.2], had length less than equal to the k-mer length of 31 (perhaps after poly-A clipping)
[2024-07-26 16:52:44.047] [puff::index::jointLog] [warning] Entry with header [ENSMUST00000178811.2], had length less than equal to the k-mer length of 31 (perhaps after poly-A clipping)
[2024-07-26 16:52:44.103] [puff::index::jointLog] [warning] Removed 739 transcripts that were sequence duplicates of indexed transcripts.
[2024-07-26 16:52:44.103] [puff::index::jointLog] [warning] If you wish to retain duplicate transcripts, please use the `--keepDuplicates` flag
[2024-07-26 16:52:44.104] [puff::index::jointLog] [info] Replaced 0 non-ATCG nucleotides
[2024-07-26 16:52:44.104] [puff::index::jointLog] [info] Clipped poly-A tails from 647 transcripts
[2024-07-26 16:52:44.797] [puff::index::jointLog] [info] Filter size not provided; estimating from number of distinct k-mers
[2024-07-26 16:52:46.001] [puff::index::jointLog] [info] ntHll estimated 100414800 distinct k-mers, setting filter size to 2^31
[2024-07-26 16:55:13.725] [puff::index::jointLog] [info] Starting the Pufferfish indexing by reading the GFA binary file.
[2024-07-26 16:55:13.725] [puff::index::jointLog] [info] Setting the index/BinaryGfa directory salmon_index/salmon_index_mouse
[2024-07-26 16:55:13.875] [puff::index::jointLog] [info] Done wrapping the rank vector with a rank9sel structure.
[2024-07-26 16:55:13.880] [puff::index::jointLog] [info] contig count for validation: 717,833
[2024-07-26 16:55:14.301] [puff::index::jointLog] [info] Total # of Contigs : 717,833
[2024-07-26 16:55:14.301] [puff::index::jointLog] [info] Total # of numerical Contigs : 717,833
[2024-07-26 16:55:14.314] [puff::index::jointLog] [info] Total # of contig vec entries: 3,341,414
[2024-07-26 16:55:14.314] [puff::index::jointLog] [info] bits per offset entry 22
[2024-07-26 16:55:14.368] [puff::index::jointLog] [info] Done constructing the contig vector. 717834
[2024-07-26 16:55:14.681] [puff::index::jointLog] [info] # segments = 717,833
[2024-07-26 16:55:14.681] [puff::index::jointLog] [info] total length = 122,492,815
[2024-07-26 16:55:14.714] [puff::index::jointLog] [info] Reading the reference files ...
[2024-07-26 16:55:15.369] [puff::index::jointLog] [info] positional integer width = 27
[2024-07-26 16:55:15.369] [puff::index::jointLog] [info] seqSize = 122,492,815
[2024-07-26 16:55:15.369] [puff::index::jointLog] [info] rankSize = 122,492,815
[2024-07-26 16:55:15.369] [puff::index::jointLog] [info] edgeVecSize = 0
[2024-07-26 16:55:15.369] [puff::index::jointLog] [info] num keys = 100,957,825
[2024-07-26 16:55:23.031] [puff::index::jointLog] [info] mphf size = 63.0608 MB
[2024-07-26 16:55:23.163] [puff::index::jointLog] [info] chunk size = 61,246,408
[2024-07-26 16:55:23.163] [puff::index::jointLog] [info] chunk 0 = [0, 61,246,408)
[2024-07-26 16:55:23.163] [puff::index::jointLog] [info] chunk 1 = [61,246,408, 122,492,785)
[2024-07-26 16:55:31.572] [puff::index::jointLog] [info] finished populating pos vector
[2024-07-26 16:55:31.572] [puff::index::jointLog] [info] writing index components
[2024-07-26 16:55:32.363] [puff::index::jointLog] [info] finished writing dense pufferfish index
